#
# A fatal error has been detected by the Java Runtime Environment:
#
#  Internal Error (javaClasses.cpp:124), pid=3904, tid=2024
#  fatal error: Invalid layout of preloaded class
#
# JRE version:  (8.0_11-b12) (build )
# Java VM: Java HotSpot(TM) 64-Bit Server VM (25.11-b03 mixed mode windows-amd64 compressed oops)
# Failed to write core dump. Minidumps are not enabled by default on client versions of Windows
#
# If you would like to submit a bug report, please visit:
#   http://bugreport.sun.com/bugreport/crash.jsp
#

---------------  T H R E A D  ---------------

Current thread (0x0000000002e60800):  JavaThread "Unknown thread" [_thread_in_vm, id=2024, stack(0x0000000002cc0000,0x0000000002dc0000)]

Stack: [0x0000000002cc0000,0x0000000002dc0000]
Native frames: (J=compiled Java code, j=interpreted, Vv=VM code, C=native code)
V  [jvm.dll+0x308eca]
V  [jvm.dll+0x25e121]
V  [jvm.dll+0x25ed33]
V  [jvm.dll+0x256686]
V  [jvm.dll+0x5d4cc]
V  [jvm.dll+0x5d5c3]
V  [jvm.dll+0x71efa]
V  [jvm.dll+0x72258]
V  [jvm.dll+0xe1927]
V  [jvm.dll+0xe1cb6]
V  [jvm.dll+0x1f1407]
V  [jvm.dll+0x2229b4]
V  [jvm.dll+0x14a151]
C  [javaw.exe+0x208a]
C  [javaw.exe+0xc9fb]
C  [javaw.exe+0xca8f]
C  [KERNEL32.DLL+0x15dd]
C  [ntdll.dll+0x743d1]


---------------  P R O C E S S  ---------------

Java Threads: ( => current thread )

Other Threads:

=>0x0000000002e60800 (exited) JavaThread "Unknown thread" [_thread_in_vm, id=2024, stack(0x0000000002cc0000,0x0000000002dc0000)]

VM state:not at safepoint (not fully initialized)

VM Mutex/Monitor currently owned by a thread: None

GC Heap History (0 events):
No events

Deoptimization events (0 events):
No events

Internal exceptions (0 events):
No events

Events (10 events):
Event: 0.009 loading class java/lang/CharSequence done
Event: 0.010 loading class java/lang/String done
Event: 0.010 loading class java/lang/Class
Event: 0.010 loading class java/lang/reflect/AnnotatedElement
Event: 0.010 loading class java/lang/reflect/AnnotatedElement done
Event: 0.010 loading class java/lang/reflect/GenericDeclaration
Event: 0.010 loading class java/lang/reflect/GenericDeclaration done
Event: 0.010 loading class java/lang/reflect/Type
Event: 0.010 loading class java/lang/reflect/Type done
Event: 0.010 loading class java/lang/Class done


Dynamic libraries:
0x00007ff7e1d20000 - 0x00007ff7e1d54000 	C:\Program Files\Java\jre8\bin\javaw.exe
0x00007ffcbbc90000 - 0x00007ffcbbe39000 	C:\Windows\SYSTEM32\ntdll.dll
0x00007ffcbb2d0000 - 0x00007ffcbb409000 	C:\Windows\system32\KERNEL32.DLL
0x00007ffcb90e0000 - 0x00007ffcb91ee000 	C:\Windows\system32\KERNELBASE.dll
0x00007ffcb7c40000 - 0x00007ffcb7ccb000 	C:\Windows\system32\apphelp.dll
0x00007ffcb69f0000 - 0x00007ffcb6a3c000 	C:\Windows\AppPatch\AppPatch64\AcGenral.DLL
0x00007ffcb9940000 - 0x00007ffcb99e7000 	C:\Windows\system32\msvcrt.dll
0x00007ffcb8df0000 - 0x00007ffcb8e1b000 	C:\Windows\SYSTEM32\SspiCli.dll
0x00007ffcb98e0000 - 0x00007ffcb9931000 	C:\Windows\system32\SHLWAPI.dll
0x00007ffcb9760000 - 0x00007ffcb98d1000 	C:\Windows\system32\USER32.dll
0x00007ffcbb6d0000 - 0x00007ffcbb846000 	C:\Windows\system32\ole32.dll
0x00007ffcb9a00000 - 0x00007ffcbae0d000 	C:\Windows\system32\SHELL32.dll
0x00007ffcb8620000 - 0x00007ffcb863f000 	C:\Windows\SYSTEM32\USERENV.dll
0x00007ffcbaf60000 - 0x00007ffcbb005000 	C:\Windows\system32\ADVAPI32.dll
0x00007ffcafa40000 - 0x00007ffcafa5b000 	C:\Windows\SYSTEM32\MPR.dll
0x00007ffcbae20000 - 0x00007ffcbaf56000 	C:\Windows\system32\RPCRT4.dll
0x00007ffcbb990000 - 0x00007ffcbb9e7000 	C:\Windows\SYSTEM32\sechost.dll
0x00007ffcbb4f0000 - 0x00007ffcbb6c7000 	C:\Windows\SYSTEM32\combase.dll
0x00007ffcbb070000 - 0x00007ffcbb1b5000 	C:\Windows\system32\GDI32.dll
0x00007ffcb9010000 - 0x00007ffcb9024000 	C:\Windows\SYSTEM32\profapi.dll
0x00007ffcb7660000 - 0x00007ffcb7701000 	C:\Windows\SYSTEM32\SHCORE.dll
0x00007ffcbb1c0000 - 0x00007ffcbb1f4000 	C:\Windows\system32\IMM32.DLL
0x00007ffcbb850000 - 0x00007ffcbb988000 	C:\Windows\system32\MSCTF.dll
0x00007ffcb6dc0000 - 0x00007ffcb701a000 	C:\Windows\WinSxS\amd64_microsoft.windows.common-controls_6595b64144ccf1df_6.0.9600.16384_none_62475f7becb72503\COMCTL32.dll
0x0000000053010000 - 0x00000000530e2000 	C:\Program Files\Java\jre8\bin\msvcr100.dll
0x00000000527e0000 - 0x000000005300a000 	C:\Program Files\Java\jre8\bin\server\jvm.dll
0x00007ffcb7440000 - 0x00007ffcb7449000 	C:\Windows\SYSTEM32\WSOCK32.dll
0x00007ffcb6cf0000 - 0x00007ffcb6d0f000 	C:\Windows\SYSTEM32\WINMM.dll
0x00007ffcbbaa0000 - 0x00007ffcbbaa7000 	C:\Windows\system32\PSAPI.DLL
0x00007ffcbb470000 - 0x00007ffcbb4c8000 	C:\Windows\system32\WS2_32.dll
0x00007ffcb6cc0000 - 0x00007ffcb6cea000 	C:\Windows\SYSTEM32\WINMMBASE.dll
0x00007ffcb99f0000 - 0x00007ffcb99f9000 	C:\Windows\system32\NSI.dll
0x00007ffcb91f0000 - 0x00007ffcb923a000 	C:\Windows\SYSTEM32\cfgmgr32.dll
0x00007ffcb7ec0000 - 0x00007ffcb7ee6000 	C:\Windows\SYSTEM32\DEVOBJ.dll
0x00000000527d0000 - 0x00000000527df000 	C:\Program Files\Java\jre8\bin\verify.dll
0x00000000527a0000 - 0x00000000527c8000 	C:\Program Files\Java\jre8\bin\java.dll
0x0000000052780000 - 0x0000000052796000 	C:\Program Files\Java\jre8\bin\zip.dll
0x00007ffca1b00000 - 0x00007ffca1c88000 	C:\Windows\SYSTEM32\dbghelp.dll

VM Arguments:
jvm_args: -Dfile.encoding=UTF-8 -Xbootclasspath:C:\gamehighspeed\adt-bundle-windows-x86_64-20140702\sdk\platforms\android-20\android.jar 
java_command: me.kuangneipro.util.LoginUtil
java_class_path (initial): D:\KuangNeiAndroid\kuangneipro\libs\GetuiSdk-2.2.5.2.jar;D:\KuangNeiAndroid\appcompat_v7\libs\android-support-v4.jar;D:\KuangNeiAndroid\kuangneipro\libs\BaiduLBS_Android.jar;D:\KuangNeiAndroid\appcompat_v7\libs\android-support-v7-appcompat.jar;D:\KuangNeiAndroid\kuangneipro\libs\picasso-2.3.3.jar;D:\KuangNeiAndroid\kuangneipro\libs\GetuiExt-1.2.2.jar;D:\KuangNeiAndroid\appcompat_v7\bin\android-support-v7-appcompat.jar;D:\KuangNeiAndroid\Android-PullToRefresh-master\library\bin\library.jar;D:\KuangNeiAndroid\kuangneipro\bin\classes
Launcher Type: SUN_STANDARD

Environment Variables:
PATH=C:\Program Files (x86)\NVIDIA Corporation\PhysX\Common;C:\Windows\system32;C:\Windows;C:\Windows\System32\Wbem;C:\Windows\System32\WindowsPowerShell\v1.0\
USERNAME=Administrator
OS=Windows_NT
PROCESSOR_IDENTIFIER=Intel64 Family 6 Model 60 Stepping 3, GenuineIntel



---------------  S Y S T E M  ---------------

OS: Windows 8.1 , 64 bit Build 9600 

CPU:total 4 (4 cores per cpu, 1 threads per core) family 6 model 60 stepping 3, cmov, cx8, fxsr, mmx, sse, sse2, sse3, ssse3, sse4.1, sse4.2, popcnt, avx, avx2, aes, clmul, erms, tsc, tscinvbit

Memory: 4k page, physical 8305764k(3604600k free), swap 10926276k(4929480k free)

vm_info: Java HotSpot(TM) 64-Bit Server VM (25.11-b03) for windows-amd64 JRE (1.8.0_11-b12), built on Jun 16 2014 20:57:32 by "java_re" with MS VC++ 10.0 (VS2010)

time: Wed Oct 08 23:05:31 2014
elapsed time: 0 seconds

