#
# A fatal error has been detected by the Java Runtime Environment:
#
#  Internal Error (javaClasses.cpp:124), pid=5364, tid=7288
#  fatal error: Invalid layout of preloaded class
#
# JRE version:  (8.0_11-b12) (build )
# Java VM: Java HotSpot(TM) 64-Bit Server VM (25.11-b03 mixed mode windows-amd64 compressed oops)
# Failed to write core dump. Minidumps are not enabled by default on client versions of Windows
#
# If you would like to submit a bug report, please visit:
#   http://bugreport.sun.com/bugreport/crash.jsp
#

---------------  T H R E A D  ---------------

Current thread (0x0000000002370800):  JavaThread "Unknown thread" [_thread_in_vm, id=7288, stack(0x0000000000ac0000,0x0000000000bc0000)]

Stack: [0x0000000000ac0000,0x0000000000bc0000]
Native frames: (J=compiled Java code, j=interpreted, Vv=VM code, C=native code)
V  [jvm.dll+0x308eca]
V  [jvm.dll+0x25e121]
V  [jvm.dll+0x25ed33]
V  [jvm.dll+0x256686]
V  [jvm.dll+0x5d4cc]
V  [jvm.dll+0x5d5c3]
V  [jvm.dll+0x71efa]
V  [jvm.dll+0x72258]
V  [jvm.dll+0xe1927]
V  [jvm.dll+0xe1cb6]
V  [jvm.dll+0x1f1407]
V  [jvm.dll+0x2229b4]
V  [jvm.dll+0x14a151]
C  [javaw.exe+0x208a]
C  [javaw.exe+0xc9fb]
C  [javaw.exe+0xca8f]
C  [KERNEL32.DLL+0x15dd]
C  [ntdll.dll+0x743d1]


---------------  P R O C E S S  ---------------

Java Threads: ( => current thread )

Other Threads:

=>0x0000000002370800 (exited) JavaThread "Unknown thread" [_thread_in_vm, id=7288, stack(0x0000000000ac0000,0x0000000000bc0000)]

VM state:not at safepoint (not fully initialized)

VM Mutex/Monitor currently owned by a thread: None

GC Heap History (0 events):
No events

Deoptimization events (0 events):
No events

Internal exceptions (0 events):
No events

Events (10 events):
Event: 0.009 loading class java/lang/CharSequence done
Event: 0.009 loading class java/lang/String done
Event: 0.009 loading class java/lang/Class
Event: 0.009 loading class java/lang/reflect/AnnotatedElement
Event: 0.009 loading class java/lang/reflect/AnnotatedElement done
Event: 0.009 loading class java/lang/reflect/GenericDeclaration
Event: 0.009 loading class java/lang/reflect/GenericDeclaration done
Event: 0.009 loading class java/lang/reflect/Type
Event: 0.009 loading class java/lang/reflect/Type done
Event: 0.009 loading class java/lang/Class done


Dynamic libraries:
0x00007ff7a6850000 - 0x00007ff7a6884000 	C:\Program Files\Java\jre8\bin\javaw.exe
0x00007ffe89d10000 - 0x00007ffe89eb9000 	C:\Windows\SYSTEM32\ntdll.dll
0x00007ffe878b0000 - 0x00007ffe879e9000 	C:\Windows\system32\KERNEL32.DLL
0x00007ffe87440000 - 0x00007ffe8754e000 	C:\Windows\system32\KERNELBASE.dll
0x00007ffe85cc0000 - 0x00007ffe85d4b000 	C:\Windows\system32\apphelp.dll
0x00007ffe7ca80000 - 0x00007ffe7cacc000 	C:\Windows\AppPatch\AppPatch64\AcGenral.DLL
0x00007ffe877a0000 - 0x00007ffe87847000 	C:\Windows\system32\msvcrt.dll
0x00007ffe86e70000 - 0x00007ffe86e9b000 	C:\Windows\SYSTEM32\SspiCli.dll
0x00007ffe89870000 - 0x00007ffe898c1000 	C:\Windows\system32\SHLWAPI.dll
0x00007ffe89b90000 - 0x00007ffe89d01000 	C:\Windows\system32\USER32.dll
0x00007ffe89650000 - 0x00007ffe897c6000 	C:\Windows\system32\ole32.dll
0x00007ffe88210000 - 0x00007ffe8961d000 	C:\Windows\system32\SHELL32.dll
0x00007ffe86690000 - 0x00007ffe866af000 	C:\Windows\SYSTEM32\USERENV.dll
0x00007ffe88160000 - 0x00007ffe88205000 	C:\Windows\system32\ADVAPI32.dll
0x00007ffe7f300000 - 0x00007ffe7f31b000 	C:\Windows\SYSTEM32\MPR.dll
0x00007ffe875a0000 - 0x00007ffe876d6000 	C:\Windows\system32\RPCRT4.dll
0x00007ffe87740000 - 0x00007ffe87797000 	C:\Windows\SYSTEM32\sechost.dll
0x00007ffe87b40000 - 0x00007ffe87d17000 	C:\Windows\SYSTEM32\combase.dll
0x00007ffe879f0000 - 0x00007ffe87b35000 	C:\Windows\system32\GDI32.dll
0x00007ffe87090000 - 0x00007ffe870a4000 	C:\Windows\SYSTEM32\profapi.dll
0x00007ffe856c0000 - 0x00007ffe85761000 	C:\Windows\SYSTEM32\SHCORE.dll
0x00007ffe876e0000 - 0x00007ffe87714000 	C:\Windows\system32\IMM32.DLL
0x00007ffe87d20000 - 0x00007ffe87e58000 	C:\Windows\system32\MSCTF.dll
0x00007ffe84e40000 - 0x00007ffe8509a000 	C:\Windows\WinSxS\amd64_microsoft.windows.common-controls_6595b64144ccf1df_6.0.9600.16384_none_62475f7becb72503\COMCTL32.dll
0x0000000075530000 - 0x0000000075602000 	C:\Program Files\Java\jre8\bin\msvcr100.dll
0x0000000074d00000 - 0x000000007552a000 	C:\Program Files\Java\jre8\bin\server\jvm.dll
0x00007ffe82300000 - 0x00007ffe82309000 	C:\Windows\SYSTEM32\WSOCK32.dll
0x00007ffe83680000 - 0x00007ffe8369f000 	C:\Windows\SYSTEM32\WINMM.dll
0x00007ffe87730000 - 0x00007ffe87737000 	C:\Windows\system32\PSAPI.DLL
0x00007ffe89990000 - 0x00007ffe899e8000 	C:\Windows\system32\WS2_32.dll
0x00007ffe83430000 - 0x00007ffe8345a000 	C:\Windows\SYSTEM32\WINMMBASE.dll
0x00007ffe89620000 - 0x00007ffe89629000 	C:\Windows\system32\NSI.dll
0x00007ffe87550000 - 0x00007ffe8759a000 	C:\Windows\SYSTEM32\cfgmgr32.dll
0x00007ffe85f20000 - 0x00007ffe85f46000 	C:\Windows\SYSTEM32\DEVOBJ.dll
0x0000000074cf0000 - 0x0000000074cff000 	C:\Program Files\Java\jre8\bin\verify.dll
0x0000000074cc0000 - 0x0000000074ce8000 	C:\Program Files\Java\jre8\bin\java.dll
0x0000000074ca0000 - 0x0000000074cb6000 	C:\Program Files\Java\jre8\bin\zip.dll
0x00007ffe706f0000 - 0x00007ffe70878000 	C:\Windows\SYSTEM32\dbghelp.dll

VM Arguments:
jvm_args: -Dfile.encoding=GBK -Xbootclasspath:C:\gamehighspeed\adt-bundle-windows-x86_64-20140702\sdk\platforms\android-20\android.jar 
java_command: me.kuangneipro.util.LoginUtil
java_class_path (initial): D:\KuangNeiAndroid\kuangneipro\libs\GetuiSdk-2.2.5.2.jar;D:\KuangNeiAndroid\appcompat_v7\libs\android-support-v4.jar;D:\KuangNeiAndroid\appcompat_v7\libs\android-support-v7-appcompat.jar;D:\KuangNeiAndroid\kuangneipro\libs\picasso-2.3.3.jar;D:\KuangNeiAndroid\kuangneipro\libs\GetuiExt-1.2.2.jar;D:\KuangNeiAndroid\appcompat_v7\bin\android-support-v7-appcompat.jar;D:\KuangNeiAndroid\Android-PullToRefresh-master\library\bin\library.jar;D:\KuangNeiAndroid\kuangneipro\bin\classes
Launcher Type: SUN_STANDARD

Environment Variables:
PATH=C:\Program Files (x86)\NVIDIA Corporation\PhysX\Common;C:\Windows\system32;C:\Windows;C:\Windows\System32\Wbem;C:\Windows\System32\WindowsPowerShell\v1.0\
USERNAME=Administrator
OS=Windows_NT
PROCESSOR_IDENTIFIER=Intel64 Family 6 Model 60 Stepping 3, GenuineIntel



---------------  S Y S T E M  ---------------

OS: Windows 8.1 , 64 bit Build 9600 

CPU:total 4 (4 cores per cpu, 1 threads per core) family 6 model 60 stepping 3, cmov, cx8, fxsr, mmx, sse, sse2, sse3, ssse3, sse4.1, sse4.2, popcnt, avx, avx2, aes, clmul, erms, tsc, tscinvbit

Memory: 4k page, physical 8305764k(4973476k free), swap 8830052k(3748316k free)

vm_info: Java HotSpot(TM) 64-Bit Server VM (25.11-b03) for windows-amd64 JRE (1.8.0_11-b12), built on Jun 16 2014 20:57:32 by "java_re" with MS VC++ 10.0 (VS2010)

time: Sun Aug 17 22:45:42 2014
elapsed time: 0 seconds

